[    0.000000] Linux version 4.15.0-46-generic (buildd@lgw01-amd64-038) (gcc version 7.3.0 (Ubuntu 7.3.0-16ubuntu3)) #49-Ubuntu SMP Wed Feb 6 09:33:07 UTC 2019 (Ubuntu 4.15.0-46.49-generic 4.15.18)
[    0.000000] Command line: BOOT_IMAGE=/boot/vmlinuz-4.15.0-46-generic root=LABEL=cloudimg-rootfs ro console=tty1 console=ttyS0
[    0.000000] KERNEL supported cpus:
[    0.000000]   Intel GenuineIntel
[    0.000000]   AMD AuthenticAMD
[    0.000000]   Centaur CentaurHauls
[    0.000000] x86/fpu: Supporting XSAVE feature 0x001: 'x87 floating point registers'
[    0.000000] x86/fpu: Supporting XSAVE feature 0x002: 'SSE registers'
[    0.000000] x86/fpu: Supporting XSAVE feature 0x004: 'AVX registers'
[    0.000000] x86/fpu: xstate_offset[2]:  576, xstate_sizes[2]:  256
[    0.000000] x86/fpu: Enabled xstate features 0x7, context size is 832 bytes, using 'standard' format.
[    0.000000] e820: BIOS-provided physical RAM map:
[    0.000000] BIOS-e820: [mem 0x0000000000000000-0x000000000009fbff] usable
[    0.000000] BIOS-e820: [mem 0x000000000009fc00-0x000000000009ffff] reserved
[    0.000000] BIOS-e820: [mem 0x00000000000f0000-0x00000000000fffff] reserved
[    0.000000] BIOS-e820: [mem 0x0000000000100000-0x000000007ffeffff] usable
[    0.000000] BIOS-e820: [mem 0x000000007fff0000-0x000000007fffffff] ACPI data
[    0.000000] BIOS-e820: [mem 0x00000000fec00000-0x00000000fec00fff] reserved
[    0.000000] BIOS-e820: [mem 0x00000000fee00000-0x00000000fee00fff] reserved
[    0.000000] BIOS-e820: [mem 0x00000000fffc0000-0x00000000ffffffff] reserved
[    0.000000] NX (Execute Disable) protection: active
[    0.000000] SMBIOS 2.5 present.
[    0.000000] DMI: innotek GmbH VirtualBox/VirtualBox, BIOS VirtualBox 12/01/2006
[    0.000000] Hypervisor detected: KVM
[    0.000000] e820: last_pfn = 0x7fff0 max_arch_pfn = 0x400000000
[    0.000000] MTRR: Disabled
[    0.000000] x86/PAT: MTRRs disabled, skipping PAT initialization too.
[    0.000000] CPU MTRRs all blank - virtualized system.
[    0.000000] x86/PAT: Configuration [0-7]: WB  WT  UC- UC  WB  WT  UC- UC  
[    0.000000] found SMP MP-table at [mem 0x0009fff0-0x0009ffff] mapped at [        (ptrval)]
[    0.000000] Scanning 1 areas for low memory corruption
[    0.000000] RAMDISK: [mem 0x35add000-0x36d65fff]
[    0.000000] ACPI: Early table checksum verification disabled
[    0.000000] ACPI: RSDP 0x00000000000E0000 000024 (v02 VBOX  )
[    0.000000] ACPI: XSDT 0x000000007FFF0030 00003C (v01 VBOX   VBOXXSDT 00000001 ASL  00000061)
[    0.000000] ACPI: FACP 0x000000007FFF00F0 0000F4 (v04 VBOX   VBOXFACP 00000001 ASL  00000061)
[    0.000000] ACPI: DSDT 0x000000007FFF0470 0021FF (v02 VBOX   VBOXBIOS 00000002 INTL 20180105)
[    0.000000] ACPI: FACS 0x000000007FFF0200 000040
[    0.000000] ACPI: FACS 0x000000007FFF0200 000040
[    0.000000] ACPI: APIC 0x000000007FFF0240 00005C (v02 VBOX   VBOXAPIC 00000001 ASL  00000061)
[    0.000000] ACPI: SSDT 0x000000007FFF02A0 0001CC (v01 VBOX   VBOXCPUT 00000002 INTL 20180105)
[    0.000000] No NUMA configuration found
[    0.000000] Faking a node at [mem 0x0000000000000000-0x000000007ffeffff]
[    0.000000] NODE_DATA(0) allocated [mem 0x7ffc5000-0x7ffeffff]
[    0.000000] kvm-clock: cpu 0, msr 0:7ff44001, primary cpu clock
[    0.000000] kvm-clock: Using msrs 4b564d01 and 4b564d00
[    0.000000] kvm-clock: using sched offset of 3813295462 cycles
[    0.000000] clocksource: kvm-clock: mask: 0xffffffffffffffff max_cycles: 0x1cd42e4dffb, max_idle_ns: 881590591483 ns
[    0.000000] Zone ranges:
[    0.000000]   DMA      [mem 0x0000000000001000-0x0000000000ffffff]
[    0.000000]   DMA32    [mem 0x0000000001000000-0x000000007ffeffff]
[    0.000000]   Normal   empty
[    0.000000]   Device   empty
[    0.000000] Movable zone start for each node
[    0.000000] Early memory node ranges
[    0.000000]   node   0: [mem 0x0000000000001000-0x000000000009efff]
[    0.000000]   node   0: [mem 0x0000000000100000-0x000000007ffeffff]
[    0.000000] Reserved but unavailable: 114 pages
[    0.000000] Initmem setup node 0 [mem 0x0000000000001000-0x000000007ffeffff]
[    0.000000] ACPI: PM-Timer IO Port: 0x4008
[    0.000000] IOAPIC[0]: apic_id 2, version 32, address 0xfec00000, GSI 0-23
[    0.000000] ACPI: INT_SRC_OVR (bus 0 bus_irq 0 global_irq 2 dfl dfl)
[    0.000000] ACPI: INT_SRC_OVR (bus 0 bus_irq 9 global_irq 9 low level)
[    0.000000] Using ACPI (MADT) for SMP configuration information
[    0.000000] smpboot: Allowing 2 CPUs, 0 hotplug CPUs
[    0.000000] PM: Registered nosave memory: [mem 0x00000000-0x00000fff]
[    0.000000] PM: Registered nosave memory: [mem 0x0009f000-0x0009ffff]
[    0.000000] PM: Registered nosave memory: [mem 0x000a0000-0x000effff]
[    0.000000] PM: Registered nosave memory: [mem 0x000f0000-0x000fffff]
[    0.000000] e820: [mem 0x80000000-0xfebfffff] available for PCI devices
[    0.000000] Booting paravirtualized kernel on KVM
[    0.000000] clocksource: refined-jiffies: mask: 0xffffffff max_cycles: 0xffffffff, max_idle_ns: 7645519600211568 ns
[    0.000000] random: get_random_bytes called from start_kernel+0x99/0x4fd with crng_init=0
[    0.000000] setup_percpu: NR_CPUS:8192 nr_cpumask_bits:2 nr_cpu_ids:2 nr_node_ids:1
[    0.000000] percpu: Embedded 46 pages/cpu @        (ptrval) s151552 r8192 d28672 u1048576
[    0.000000] PV qspinlock hash table entries: 256 (order: 0, 4096 bytes)
[    0.000000] Built 1 zonelists, mobility grouping on.  Total pages: 515961
[    0.000000] Policy zone: DMA32
[    0.000000] Kernel command line: BOOT_IMAGE=/boot/vmlinuz-4.15.0-46-generic root=LABEL=cloudimg-rootfs ro console=tty1 console=ttyS0
[    0.000000] Memory: 2015796K/2096696K available (12300K kernel code, 2473K rwdata, 4252K rodata, 2408K init, 2416K bss, 80900K reserved, 0K cma-reserved)
[    0.000000] SLUB: HWalign=64, Order=0-3, MinObjects=0, CPUs=2, Nodes=1
[    0.000000] Kernel/User page tables isolation: enabled
[    0.000000] ftrace: allocating 39198 entries in 154 pages
[    0.004000] Hierarchical RCU implementation.
[    0.004000] 	RCU restricting CPUs from NR_CPUS=8192 to nr_cpu_ids=2.
[    0.004000] 	Tasks RCU enabled.
[    0.004000] RCU: Adjusting geometry for rcu_fanout_leaf=16, nr_cpu_ids=2
[    0.004000] NR_IRQS: 524544, nr_irqs: 440, preallocated irqs: 16
[    0.004000] Console: colour VGA+ 80x25
[    0.004000] console [tty1] enabled
[    0.004000] console [ttyS0] enabled
[    0.004000] ACPI: Core revision 20170831
[    0.004000] ACPI: 2 ACPI AML tables successfully acquired and loaded
[    0.004000] APIC: Switch to symmetric I/O mode setup
[    0.004000] x2apic enabled
[    0.004000] Switched APIC routing to physical x2apic.
[    0.004000] ..TIMER: vector=0x30 apic1=0 pin1=2 apic2=-1 pin2=-1
[    0.004006] tsc: Detected 2394.456 MHz processor
[    0.008013] Calibrating delay loop (skipped) preset value.. 4788.91 BogoMIPS (lpj=9577824)
[    0.009478] pid_max: default: 32768 minimum: 301
[    0.010358] Security Framework initialized
[    0.011109] Yama: becoming mindful.
[    0.012029] AppArmor: AppArmor initialized
[    0.016859] Dentry cache hash table entries: 262144 (order: 9, 2097152 bytes)
[    0.020684] Inode-cache hash table entries: 131072 (order: 8, 1048576 bytes)
[    0.024027] Mount-cache hash table entries: 4096 (order: 3, 32768 bytes)
[    0.028009] Mountpoint-cache hash table entries: 4096 (order: 3, 32768 bytes)
[    0.029513] mce: CPU supports 0 MCE banks
[    0.030269] Last level iTLB entries: 4KB 64, 2MB 8, 4MB 8
[    0.032003] Last level dTLB entries: 4KB 64, 2MB 0, 4MB 0, 1GB 4
[    0.033063] Spectre V2 : Mitigation: Full generic retpoline
[    0.034026] Spectre V2 : Spectre v2 / SpectreRSB mitigation: Filling RSB on context switch
[    0.036007] Speculative Store Bypass: Vulnerable
[    0.037173] Freeing SMP alternatives memory: 36K
[    0.044000] smpboot: CPU0: Intel(R) Core(TM) i7-5500U CPU @ 2.40GHz (family: 0x6, model: 0x3d, stepping: 0x4)
[    0.044000] Performance Events: unsupported p6 CPU model 61 no PMU driver, software events only.
[    0.044045] Hierarchical SRCU implementation.
[    0.045556] NMI watchdog: Perf event create on CPU 0 failed with -2
[    0.048003] NMI watchdog: Perf NMI watchdog permanently disabled
[    0.052066] smp: Bringing up secondary CPUs ...
[    0.056098] x86: Booting SMP configuration:
[    0.056881] .... node  #0, CPUs:      #1
[    0.004000] kvm-clock: cpu 1, msr 0:7ff44041, secondary cpu clock
[    0.004000] mce: CPU supports 0 MCE banks
[    0.063171] smp: Brought up 1 node, 2 CPUs
[    0.064006] smpboot: Max logical packages: 1
[    0.068006] smpboot: Total of 2 processors activated (9577.82 BogoMIPS)
[    0.072175] devtmpfs: initialized
[    0.076064] x86/mm: Memory block size: 128MB
[    0.080267] evm: security.selinux
[    0.080922] evm: security.SMACK64
[    0.081552] evm: security.SMACK64EXEC
[    0.082305] evm: security.SMACK64TRANSMUTE
[    0.084003] evm: security.SMACK64MMAP
[    0.084741] evm: security.apparmor
[    0.085419] evm: security.ima
[    0.085996] evm: security.capability
[    0.086715] clocksource: jiffies: mask: 0xffffffff max_cycles: 0xffffffff, max_idle_ns: 7645041785100000 ns
[    0.088020] futex hash table entries: 512 (order: 3, 32768 bytes)
[    0.089166] pinctrl core: initialized pinctrl subsystem
[    0.090243] RTC time: 18:42:43, date: 03/24/19
[    0.092172] NET: Registered protocol family 16
[    0.093065] audit: initializing netlink subsys (disabled)
[    0.094054] audit: type=2000 audit(1553452968.604:1): state=initialized audit_enabled=0 res=1
[    0.096019] cpuidle: using governor ladder
[    0.096811] cpuidle: using governor menu
[    0.097580] ACPI: bus type PCI registered
[    0.098321] acpiphp: ACPI Hot Plug PCI Controller Driver version: 0.5
[    0.100116] PCI: Using configuration type 1 for base access
[    0.104598] HugeTLB registered 2.00 MiB page size, pre-allocated 0 pages
[    0.105241] ACPI: Added _OSI(Module Device)
[    0.105241] ACPI: Added _OSI(Processor Device)
[    0.108006] ACPI: Added _OSI(3.0 _SCP Extensions)
[    0.108874] ACPI: Added _OSI(Processor Aggregator Device)
[    0.109822] ACPI: Added _OSI(Linux-Dell-Video)
[    0.110619] ACPI: Added _OSI(Linux-Lenovo-NV-HDMI-Audio)
[    0.111676] ACPI: Added _OSI(Linux-HPI-Hybrid-Graphics)
[    0.112331] ACPI: Executed 1 blocks of module-level executable AML code
[    0.118789] ACPI: Interpreter enabled
[    0.120023] ACPI: (supports S0 S5)
[    0.124005] ACPI: Using IOAPIC for interrupt routing
[    0.125496] PCI: Using host bridge windows from ACPI; if necessary, use "pci=nocrs" and report a bug
[    0.128132] ACPI: Enabled 2 GPEs in block 00 to 07
[    0.136655] ACPI: PCI Root Bridge [PCI0] (domain 0000 [bus 00-ff])
[    0.140013] acpi PNP0A03:00: _OSC: OS supports [ASPM ClockPM Segments MSI]
[    0.144049] acpi PNP0A03:00: _OSC: not requesting OS control; OS requires [ExtendedConfig ASPM ClockPM MSI]
[    0.145739] acpi PNP0A03:00: fail to add MMCONFIG information, can't access extended PCI configuration space under this bridge.
[    0.148408] PCI host bridge to bus 0000:00
[    0.149176] pci_bus 0000:00: root bus resource [io  0x0000-0x0cf7 window]
[    0.152011] pci_bus 0000:00: root bus resource [io  0x0d00-0xffff window]
[    0.156006] pci_bus 0000:00: root bus resource [mem 0x000a0000-0x000bffff window]
[    0.157341] pci_bus 0000:00: root bus resource [mem 0x80000000-0xfdffffff window]
[    0.158805] pci_bus 0000:00: root bus resource [bus 00-ff]
[    0.162061] pci 0000:00:01.1: legacy IDE quirk: reg 0x10: [io  0x01f0-0x01f7]
[    0.163357] pci 0000:00:01.1: legacy IDE quirk: reg 0x14: [io  0x03f6]
[    0.164005] pci 0000:00:01.1: legacy IDE quirk: reg 0x18: [io  0x0170-0x0177]
[    0.168006] pci 0000:00:01.1: legacy IDE quirk: reg 0x1c: [io  0x0376]
[    0.201959] pci 0000:00:07.0: quirk: [io  0x4000-0x403f] claimed by PIIX4 ACPI
[    0.204027] pci 0000:00:07.0: quirk: [io  0x4100-0x410f] claimed by PIIX4 SMB
[    0.229990] ACPI: PCI Interrupt Link [LNKA] (IRQs 5 9 10 *11)
[    0.232537] ACPI: PCI Interrupt Link [LNKB] (IRQs 5 9 *10 11)
[    0.236180] ACPI: PCI Interrupt Link [LNKC] (IRQs 5 *9 10 11)
[    0.240158] ACPI: PCI Interrupt Link [LNKD] (IRQs 5 9 10 *11)
[    0.244623] SCSI subsystem initialized
[    0.252136] pci 0000:00:02.0: vgaarb: setting as boot VGA device
[    0.256000] pci 0000:00:02.0: vgaarb: VGA device added: decodes=io+mem,owns=io+mem,locks=none
[    0.280012] pci 0000:00:02.0: vgaarb: bridge control possible
[    0.281290] vgaarb: loaded
[    0.282049] ACPI: bus type USB registered
[    0.296049] usbcore: registered new interface driver usbfs
[    0.297316] usbcore: registered new interface driver hub
[    0.312052] usbcore: registered new device driver usb
[    0.316042] EDAC MC: Ver: 3.0.0
[    0.324057] PCI: Using ACPI for IRQ routing
[    0.325251] NetLabel: Initializing
[    0.325975] NetLabel:  domain hash size = 128
[    0.326840] NetLabel:  protocols = UNLABELED CIPSOv4 CALIPSO
[    0.326840] NetLabel:  unlabeled traffic allowed by default
[    0.356116] clocksource: Switched to clocksource kvm-clock
[    0.385969] VFS: Disk quotas dquot_6.6.0
[    0.394673] VFS: Dquot-cache hash table entries: 512 (order 0, 4096 bytes)
[    0.425004] AppArmor: AppArmor Filesystem Enabled
[    0.431797] pnp: PnP ACPI init
[    0.433556] pnp: PnP ACPI: found 3 devices
[    0.440152] clocksource: acpi_pm: mask: 0xffffff max_cycles: 0xffffff, max_idle_ns: 2085701024 ns
[    0.455559] NET: Registered protocol family 2
[    0.456585] TCP established hash table entries: 16384 (order: 5, 131072 bytes)
[    0.457939] TCP bind hash table entries: 16384 (order: 6, 262144 bytes)
[    0.459917] TCP: Hash tables configured (established 16384 bind 16384)
[    0.524828] UDP hash table entries: 1024 (order: 3, 32768 bytes)
[    0.526117] UDP-Lite hash table entries: 1024 (order: 3, 32768 bytes)
[    0.545116] NET: Registered protocol family 1
[    0.546111] pci 0000:00:00.0: Limiting direct PCI/PCI transfers
[    0.547401] pci 0000:00:01.0: Activating ISA DMA hang workarounds
[    0.548749] pci 0000:00:02.0: Video device with shadowed ROM at [mem 0x000c0000-0x000dffff]
[    0.550624] Unpacking initramfs...
[    0.880634] Freeing initrd memory: 18980K
[    0.881861] platform rtc_cmos: registered platform RTC device (no PNP device found)
[    0.883626] Scanning for low memory corruption every 60 seconds
[    0.885402] Initialise system trusted keyrings
[    0.886240] Key type blacklist registered
[    0.887094] workingset: timestamp_bits=36 max_order=19 bucket_order=0
[    0.889431] zbud: loaded
[    0.890513] squashfs: version 4.0 (2009/01/31) Phillip Lougher
[    0.893633] fuse init (API version 7.26)
[    0.897402] Key type asymmetric registered
[    0.914625] Asymmetric key parser 'x509' registered
[    0.915552] Block layer SCSI generic (bsg) driver version 0.4 loaded (major 246)
[    0.934692] io scheduler noop registered
[    0.954244] io scheduler deadline registered
[    0.955305] io scheduler cfq registered (default)
[    0.956704] ACPI: AC Adapter [AC] (on-line)
[    0.991922] input: Power Button as /devices/LNXSYSTM:00/LNXPWRBN:00/input/input0
[    0.994004] ACPI: Power Button [PWRF]
[    0.995128] input: Sleep Button as /devices/LNXSYSTM:00/LNXSLPBN:00/input/input1
[    1.035091] ACPI: Sleep Button [SLPF]
[    1.055053] Serial: 8250/16550 driver, 32 ports, IRQ sharing enabled
[    1.056420] ACPI: Battery Slot [BAT0] (battery present)
[    1.080452] 00:02: ttyS0 at I/O 0x3f8 (irq = 4, base_baud = 115200) is a 16550A
[    1.083570] Linux agpgart interface v0.103
[    1.106622] loop: module loaded
[    1.110517] scsi host0: ata_piix
[    1.111339] scsi host1: ata_piix
[    1.194550] ata1: PATA max UDMA/33 cmd 0x1f0 ctl 0x3f6 bmdma 0xd000 irq 14
[    1.196005] ata2: PATA max UDMA/33 cmd 0x170 ctl 0x376 bmdma 0xd008 irq 15
[    1.215270] libphy: Fixed MDIO Bus: probed
[    1.217652] tun: Universal TUN/TAP device driver, 1.6
[    1.218866] PPP generic driver version 2.4.2
[    1.219875] ehci_hcd: USB 2.0 'Enhanced' Host Controller (EHCI) Driver
[    1.221304] ehci-pci: EHCI PCI platform driver
[    1.254748] ehci-platform: EHCI generic platform driver
[    1.255900] ohci_hcd: USB 1.1 'Open' Host Controller (OHCI) Driver
[    1.257274] ohci-pci: OHCI PCI platform driver
[    1.258271] ohci-platform: OHCI generic platform driver
[    1.272525] uhci_hcd: USB Universal Host Controller Interface driver
[    1.273989] i8042: PNP: PS/2 Controller [PNP0303:PS2K,PNP0f03:PS2M] at 0x60,0x64 irq 1,12
[    1.314979] serio: i8042 KBD port at 0x60,0x64 irq 1
[    1.315960] serio: i8042 AUX port at 0x60,0x64 irq 12
[    1.316981] mousedev: PS/2 mouse device common for all mice
[    1.318262] input: AT Translated Set 2 keyboard as /devices/platform/i8042/serio0/input/input2
[    1.320207] rtc_cmos rtc_cmos: rtc core: registered rtc_cmos as rtc0
[    1.321361] rtc_cmos rtc_cmos: alarms up to one day, 114 bytes nvram
[    1.344318] i2c /dev entries driver
[    1.345142] pcie_mp2_amd: AMD(R) PCI-E MP2 Communication Driver Version: 1.0
[    1.346721] device-mapper: uevent: version 1.0.3
[    1.364702] device-mapper: ioctl: 4.37.0-ioctl (2017-09-20) initialised: dm-devel@redhat.com
[    1.374635] ledtrig-cpu: registered to indicate activity on CPUs
[    1.395050] NET: Registered protocol family 10
[    1.418912] Segment Routing with IPv6
[    1.434701] NET: Registered protocol family 17
[    1.435651] Key type dns_resolver registered
[    1.436707] RAS: Correctable Errors collector initialized.
[    1.437685] sched_clock: Marking stable (1436608726, 0)->(2248719122, -812110396)
[    1.474977] registered taskstats version 1
[    1.475768] Loading compiled-in X.509 certificates
[    1.479609] Loaded X.509 cert 'Build time autogenerated kernel key: b873a790e41754b50f7dbae45b6bd46229c3c73f'
[    1.481578] zswap: loaded using pool lzo/zbud
[    1.486374] Key type big_key registered
[    1.504678] Key type trusted registered
[    1.507324] Key type encrypted registered
[    1.534464] AppArmor: AppArmor sha1 policy hashing enabled
[    1.535451] ima: No TPM chip found, activating TPM-bypass! (rc=-19)
[    1.536608] ima: Allocated hash algorithm: sha1
[    1.537456] evm: HMAC attrs: 0x1
[    1.538343]   Magic number: 11:379:747
[    1.539221] rtc_cmos rtc_cmos: setting system clock to 2019-03-24 18:42:45 UTC (1553452965)
[    1.540863] BIOS EDD facility v0.16 2004-Jun-25, 0 devices found
[    1.541905] EDD information not available.
[    1.545766] Freeing unused kernel memory: 2408K
[    1.564131] Write protecting the kernel read-only data: 20480k
[    1.576943] Freeing unused kernel memory: 2008K
[    1.589383] Freeing unused kernel memory: 1892K
[    1.622776] x86/mm: Checked W+X mappings: passed, no W+X pages found.
[    1.628605] x86/mm: Checking user space page tables
[    1.635855] x86/mm: Checked W+X mappings: passed, no W+X pages found.
Loading, please wait...
starting version 237
[    1.727601] e1000: Intel(R) PRO/1000 Network Driver - version 7.3.21-k8-NAPI
[    1.733110] e1000: Copyright (c) 1999-2006 Intel Corporation.
[    1.734257] Fusion MPT base driver 3.04.20
[    1.735199] Copyright (c) 1999-2008 LSI Corporation
[    1.747390] Fusion MPT SPI Host driver 3.04.20
[    1.755471] AVX2 version of gcm_enc/dec engaged.
[    1.756600] AES CTR mode by8 optimization enabled
[    1.888081] tsc: Refined TSC clocksource calibration: 2395.901 MHz
[    1.894785] clocksource: tsc: mask: 0xffffffffffffffff max_cycles: 0x22891759441, max_idle_ns: 440795235260 ns
[    1.943397] input: ImExPS/2 Generic Explorer Mouse as /devices/platform/i8042/serio1/input/input4
[    2.126767] e1000 0000:00:03.0 eth0: (PCI:33MHz:32-bit) 02:36:5d:d2:e9:95
[    2.154304] e1000 0000:00:03.0 eth0: Intel(R) PRO/1000 Network Connection
[    2.156868] mptbase: ioc0: Initiating bringup
[    2.268951] ioc0: LSI53C1030 A0: Capabilities={Initiator}
[    2.537389] scsi host2: ioc0: LSI53C1030 A0, FwRev=00000000h, Ports=1, MaxQ=256, IRQ=20
[    2.733569] scsi 2:0:0:0: Direct-Access     VBOX     HARDDISK         1.0  PQ: 0 ANSI: 5
[    2.860078] scsi target2:0:0: Beginning Domain Validation
[    2.863459] scsi target2:0:0: Domain Validation skipping write tests
[    2.864748] scsi target2:0:0: Ending Domain Validation
[    2.871332] scsi target2:0:0: asynchronous
[    2.872870] scsi 2:0:1:0: Direct-Access     VBOX     HARDDISK         1.0  PQ: 0 ANSI: 5
[    3.100077] scsi target2:0:1: Beginning Domain Validation
[    3.102540] random: fast init done
[    3.105735] scsi target2:0:1: Domain Validation skipping write tests
[    3.107661] scsi target2:0:1: Ending Domain Validation
[    3.109713] scsi target2:0:1: asynchronous
[    3.117021] sd 2:0:0:0: Attached scsi generic sg0 type 0
[    3.121240] sd 2:0:0:0: [sda] 20971520 512-byte logical blocks: (10.7 GB/10.0 GiB)
[    3.121279] random: systemd-udevd: uninitialized urandom read (16 bytes read)
[    3.121285] sd 2:0:0:0: [sda] Write Protect is off
[    3.121363] sd 2:0:0:0: [sda] Incomplete mode parameter data
[    3.121365] sd 2:0:0:0: [sda] Assuming drive cache: write through
[    3.121516] random: systemd-udevd: uninitialized urandom read (16 bytes read)
[    3.121519] random: systemd-udevd: uninitialized urandom read (16 bytes read)
[    3.124425] e1000 0000:00:08.0 eth1: (PCI:33MHz:32-bit) 08:00:27:a5:f7:3d
[    3.124428] e1000 0000:00:08.0 eth1: Intel(R) PRO/1000 Network Connection
[    3.127451] e1000 0000:00:03.0 enp0s3: renamed from eth0
[    3.142603]  sda: sda1
[    3.143336] sd 2:0:0:0: [sda] Attached SCSI disk
[    3.202214] sd 2:0:1:0: Attached scsi generic sg1 type 0
[    3.203399] sd 2:0:1:0: [sdb] 20480 512-byte logical blocks: (10.5 MB/10.0 MiB)
[    3.203655] sd 2:0:1:0: [sdb] Write Protect is off
[    3.203909] sd 2:0:1:0: [sdb] Incomplete mode parameter data
[    3.203912] sd 2:0:1:0: [sdb] Assuming drive cache: write through
[    3.207772] e1000 0000:00:08.0 enp0s8: renamed from eth1
[    3.230754] sd 2:0:1:0: [sdb] Attached SCSI disk
Begin: Loading essential drivers ... [    4.852046] raid6: sse2x1   gen()  7519 MB/s
[    4.908044] raid6: sse2x1   xor()  5199 MB/s
[    4.956038] raid6: sse2x2   gen()  8994 MB/s
[    5.008039] raid6: sse2x2   xor()  5705 MB/s
[    5.064029] raid6: sse2x4   gen() 10759 MB/s
[    5.112046] raid6: sse2x4   xor()  6779 MB/s
[    5.160050] raid6: avx2x1   gen() 14720 MB/s
[    5.212045] raid6: avx2x1   xor()  9830 MB/s
[    5.260057] raid6: avx2x2   gen() 16984 MB/s
[    5.312039] raid6: avx2x2   xor() 10048 MB/s
[    5.360045] raid6: avx2x4   gen() 18440 MB/s
[    5.408047] raid6: avx2x4   xor() 10964 MB/s
[    5.413022] raid6: using algorithm avx2x4 gen() 18440 MB/s
[    5.414206] raid6: .... xor() 10964 MB/s, rmw enabled
[    5.424292] raid6: using avx2x2 recovery algorithm
[    5.446802] xor: automatically using best checksumming function   avx       
[    5.471678] async_tx: api initialized (async)
done.
Begin: Running /scripts/init-premount ... done.
Begin: Mounting root file system ... Begin: Running /scripts/local-top ... done.
Begin: Running /scripts/local-premount ... [    5.550485] Btrfs loaded, crc32c=crc32c-intel
Scanning for Btrfs filesystems
done.
Warning: fsck not present, so skipping root file system
[    5.615944] EXT4-fs (sda1): mounted filesystem with ordered data mode. Opts: (null)
done.
Begin: Running /scripts/local-bottom ... done.
Begin: Running /scripts/init-bottom ... done.
[    6.754746] ip_tables: (C) 2000-2006 Netfilter Core Team
[    6.849690] systemd[1]: systemd 237 running in system mode. (+PAM +AUDIT +SELINUX +IMA +APPARMOR +SMACK +SYSVINIT +UTMP +LIBCRYPTSETUP +GCRYPT +GNUTLS +ACL +XZ +LZ4 +SECCOMP +BLKID +ELFUTILS +KMOD -IDN2 +IDN -PCRE2 default-hierarchy=hybrid)
[    6.925645] systemd[1]: Detected virtualization oracle.
[    6.926661] systemd[1]: Detected architecture x86-64.

Welcome to [1mUbuntu 18.04.2 LTS[0m!

[    6.972221] systemd[1]: Set hostname to <ubuntu>.
[    7.009710] systemd[1]: Initializing machine ID from random generator.
[    7.010912] systemd[1]: Installed transient /etc/machine-id file.
[    7.674382] random: crng init done
[    7.684066] random: 7 urandom warning(s) missed due to ratelimiting
[    8.382598] systemd[1]: Created slice System Slice.
[[0;32m  OK  [0m] Created slice System Slice.
[    8.386581] systemd[1]: Listening on Device-mapper event daemon FIFOs.
[[0;32m  OK  [0m] Listening on Device-mapper event daemon FIFOs.
[    8.397230] systemd[1]: Listening on LVM2 poll daemon socket.
[[0;32m  OK  [0m] Listening on LVM2 poll daemon socket.
[    8.400280] systemd[1]: Created slice system-serial\x2dgetty.slice.
[[0;32m  OK  [0m] Created slice system-serial\x2dgetty.slice.
[[0;32m  OK  [0m] Listening on Journal Socket (/dev/log).
[[0;32m  OK  [0m] Listening on udev Control Socket.
[[0;32m  OK  [0m] Reached target Swap.
[[0;32m  OK  [0m] Listening on Journal Audit Socket.
[[0;32m  OK  [0m] Listening on Journal Socket.
         Starting Set the console keyboard layout...
         Mounting POSIX Message Queue File System...
         Starting Create list of required st…ce nodes for the current kernel...
         Mounting Kernel Debug File System...
         Mounting Huge Pages File System...
[[0;32m  OK  [0m] Created slice User and Session Slice.
[[0;32m  OK  [0m] Reached target Slices.
         Starting Uncomplicated firewall...
[[0;32m  OK  [0m] Started Forward Password Requests to Wall Directory Watch.
         Starting Load Kernel Modules...
[[0;32m  OK  [0m] Reached target User and Group Name Lookups.
[[0;32m  OK  [0m] Set up automount Arbitrary Executab…rmats File System Automount Point.
[[0;32m  OK  [0m] Listening on Syslog Socket.
         Starting Journal Service...
[[0;32m  OK  [0m] Listening on /dev/initctl Compatibility Named Pipe.
         Starting Remount Root and Kernel File Systems...
[[0;32m  OK  [0m] Reached target System Time Synchronized.
[[0;32m  OK  [0m] Listening on LVM2 metadata daemon socket.
         Starting Monitoring of LVM2 mirrors…ng dmeventd or progress polling...
[[0;32m  OK  [0m] Listening on Network Service Netlink Socket.
[[0;32m  OK  [0m] Listening on udev Kernel Socket.
         [    8.713840] Loading iSCSI transport class v2.0-870.
Starting udev Coldplug all Devices...
[[0;32m  OK  [0m] Started Journal Service.
[[0;32m  OK  [0m] Started Create list of required sta…vice nodes for the current kernel.
[[0;32m  OK  [0m] Started Uncomplicated firewall.
         Starting Create Static Device Nodes in /dev...
[    8.983784] iscsi: registered transport (tcp)
[[0;32m  OK  [0m] Started udev Coldplug all Devices.
[[0;32m  OK  [0m] Started Create Static Device Nodes in /dev.
[    9.273838] iscsi: registered transport (iser)
[[0;32m  OK  [0m] Started Load Kernel Modules.
         Mounting Kernel Configuration File System...
         Mounting FUSE Control File System...
         Starting Apply Kernel Variables...
[[0;32m  OK  [0m] Started Apply Kernel Variables.
[[0;32m  OK  [0m] Mounted POSIX Message Queue File System.
[[0;32m  OK  [0m] Mounted Kernel Debug File System.
[[0;32m  OK  [0m] Mounted Huge Pages File System.
[[0;32m  OK  [0m] Started Remount Root and Kernel File Systems.
[[0;32m  OK  [0m] Mounted Kernel Configuration File System.
[[0;32m  OK  [0m] Mounted FUSE Control File System.
[[0;32m  OK  [0m] Started LVM2 metadata daemon.
         Starting udev Kernel Device Manager...
         Starting Initial cloud-init job (pre-networking)...
         Starting Flush Journal to Persistent Storage...
         Starting Load/Save Random Seed...
[[0;32m  OK  [0m] Started Monitoring of LVM2 mirrors,…sing dmeventd or progress polling.
[[0;32m  OK  [0m] Started Load/Save Random Seed.
[[0;32m  OK  [0m] Started Set the console keyboard layout.
[[0;32m  OK  [0m] Reached target Local File Systems (Pre).
[[0;32m  OK  [0m] Reached target Local File Systems.
         Starting ebtables ruleset management...
         Starting Tell Plymouth To Write Out Runtime Data...
         Starting Set console font and keymap...
         Starting AppArmor initialization...
         Starting Commit a transient machine-id on disk...
[[0;32m  OK  [0m] Started Tell Plymouth To Write Out Runtime Data.
[[0;32m  OK  [0m] Started Set console font and keymap.
[[0;32m  OK  [0m] Started udev Kernel Device Manager.
[[0;32m  OK  [0m] Started Dispatch Password Requests to Console Directory Watch.
[[0;32m  OK  [0m] Reached target Local Encrypted Volumes.
[[0;32m  OK  [0m] Started Flush Journal to Persistent Storage.
         Starting Create Volatile Files and Directories...
[[0;32m  OK  [0m] Started Commit a transient machine-id on disk.
[[0;32m  OK  [0m] Started Create Volatile Files and Directories.
         Starting Update UTMP about System Boot/Shutdown...
[[0;32m  OK  [0m] Found device /dev/ttyS0.
[[0;32m  OK  [0m] Listening on Load/Save RF Kill Switch Status /dev/rfkill Watch.
[[0;32m  OK  [0m] Started Update UTMP about System Boot/Shutdown.
[[0;32m  OK  [0m] Started ebtables ruleset management.
[[0;32m  OK  [0m] Started AppArmor initialization.
[   16.572476] cloud-init[425]: Cloud-init v. 18.5-45-g3554ffe8-0ubuntu1~18.04.1 running 'init-local' at Sun, 24 Mar 2019 18:42:59 +0000. Up 15.91 seconds.
[[0;32m  OK  [0m] Started Initial cloud-init job (pre-networking).
[[0;32m  OK  [0m] Reached target Network (Pre).
         Starting Network Service...
[[0;32m  OK  [0m] Started Network Service.
         Starting Wait for Network to be Configured...
         Starting Network Name Resolution...
[[0;32m  OK  [0m] Started Network Name Resolution.
[[0;32m  OK  [0m] Reached target Host and Network Name Lookups.
[[0;32m  OK  [0m] Reached target Network.
[[0;32m  OK  [0m] Started Wait for Network to be Configured.
         Starting Initial cloud-init job (metadata service crawler)...
[   20.026003] cloud-init[661]: Cloud-init v. 18.5-45-g3554ffe8-0ubuntu1~18.04.1 running 'init' at Sun, 24 Mar 2019 18:43:03 +0000. Up 19.48 seconds.
[   20.102902] cloud-init[661]: ci-info: ++++++++++++++++++++++++++++++++++++++Net device info+++++++++++++++++++++++++++++++++++++++
[   20.118303] cloud-init[661]: ci-info: +--------+-------+----------------------------+---------------+--------+-------------------+
[   20.142239] cloud-init[661]: ci-info: | Device |   Up  |          Address           |      Mask     | Scope  |     Hw-Address    |
[   20.148186] cloud-init[661]: ci-info: +--------+-------+----------------------------+---------------+--------+-------------------+
[   20.157688] cloud-init[661]: ci-info: | enp0s3 |  True |         10.0.2.15          | 255.255.255.0 | global | 02:36:5d:d2:e9:95 |
[   20.170341] cloud-init[661]: ci-info: | enp0s3 |  True | fe80::36:5dff:fed2:e995/64 |       .       |  link  | 02:36:5d:d2:e9:95 |
[   20.212274] cloud-init[661]: ci-info: | enp0s8 | False |             .              |       .       |   .    | 08:00:27:a5:f7:3d |
[   20.247211] cloud-init[661]: ci-info: |   lo   |  True |         127.0.0.1          |   255.0.0.0   |  host  |         .         |
[   20.253203] cloud-init[661]: ci-info: |   lo   |  True |          ::1/128           |       .       |  host  |         .         |
[   20.300071] cloud-init[661]: ci-info: +--------+-------+----------------------------+---------------+--------+-------------------+
[   20.321317] cloud-init[661]: ci-info: ++++++++++++++++++++++++++++Route IPv4 info+++++++++++++++++++++++++++++
[   20.368282] cloud-init[661]: ci-info: +-------+-------------+----------+-----------------+-----------+-------+
[   20.387859] cloud-init[661]: ci-info: | Route | Destination | Gateway  |     Genmask     | Interface | Flags |
[   20.404294] cloud-init[661]: ci-info: +-------+-------------+----------+-----------------+-----------+-------+
[   20.432721] cloud-init[661]: ci-info: |   0   |   0.0.0.0   | 10.0.2.2 |     0.0.0.0     |   enp0s3  |   UG  |
[   20.521266] cloud-init[661]: ci-info: |   1   |   10.0.2.0  | 0.0.0.0  |  255.255.255.0  |   enp0s3  |   U   |
[   20.554487] cloud-init[661]: ci-info: |   2   |   10.0.2.2  | 0.0.0.0  | 255.255.255.255 |   enp0s3  |   UH  |
[   20.562257] cloud-init[661]: ci-info: +-------+-------------+----------+-----------------+-----------+-------+
[   20.571735] cloud-init[661]: ci-info: +++++++++++++++++++Route IPv6 info+++++++++++++++++++
[   20.586475] cloud-init[661]: ci-info: +-------+-------------+---------+-----------+-------+
[   20.628361] cloud-init[661]: ci-info: | Route | Destination | Gateway | Interface | Flags |
[   20.676281] cloud-init[661]: ci-info: +-------+-------------+---------+-----------+-------+
[   20.677906] cloud-init[661]: ci-info: |   1   |  fe80::/64  |    ::   |   enp0s3  |   U   |
[   20.684652] cloud-init[661]: ci-info: |   3   |    local    |    ::   |   enp0s3  |   U   |
[   20.688476] cloud-init[661]: ci-info: |   4   |   ff00::/8  |    ::   |   enp0s3  |   U   |
[   20.699523] cloud-init[661]: ci-info: +-------+-------------+---------+-----------+-------+
[   22.594155] cloud-init[661]: Generating public/private rsa key pair.
[   22.617296] cloud-init[661]: Your identification has been saved in /etc/ssh/ssh_host_rsa_key.
[   22.626505] cloud-init[661]: Your public key has been saved in /etc/ssh/ssh_host_rsa_key.pub.
[   22.656565] cloud-init[661]: The key fingerprint is:
[[0;32m  OK  [0m] Started Initial cloud-init job (metadata service crawler).
[   22.673898] cloud-init[661]: SHA256:APifBQTFaJtx0CgqmXVo9ZLH23xBAFG/EmdY/JpYuas root@ubuntu-bionic
[[0;32m  OK  [0m] Reached target System Initialization.
[   22.747483] [[0;32m  OK  [0m] Started Discard unused blocks once a week.
cloud-init[661]: The key's randomart image is:
[[0;32m  OK  [0m] Started Daily apt download activities.
[   22.765730] [[0;32m  OK  [0m] Listening on Open-iSCSI iscsid Socket.
[[0;32m  OK  [0m] Listening on ACPID Listen Socket.
[[0;32m  OK  [0m] Started Daily Cleanup of Temporary Directories.
[[0;32m  OK  [0m] Listening on D-Bus System Message Bus Socket.
cloud-init[661]: +---[RSA 2048]----+
         Starting Socket activation for snappy daemon.
[[0;32m  OK  [0m] Listening on UUID daemon activation socket.
[[0;32m  OK  [0m] Started Daily apt upgrade and clean activities.
[   22.774893] cloud-init[661]: |   +=X=+ooo      |
[   22.856329] cloud-init[661]: |  * *==  =.      |
[[0;32m  OK  [0m] Started ACPI Events Check.
[[0;32m  OK  [0m] Started Message of the Day.
[   22.883987] cloud-init[661]: | * =o==.o =o     |
[   22.894133] cloud-init[661]: |=   +o =.+oo.    |
[   22.895242] cloud-init[661]: |.    ..oSoo+     |
[   22.896250] cloud-init[661]: |      o .o+      |
[   22.897420] cloud-init[661]: |           .     |
         Starting LXD - unix socket.
[[0;32m  OK  [0m] Reached target Paths.
[[0;32m  OK  [0m] Reached target Timers.
[[0;32m  OK  [0m] Reached target Cloud-config availability.
[[0;32m  OK  [0m] Reached target Network is Online.
[[0;32m  OK  [0m] Reached target Remote File Systems (Pre).
[[0;32m  OK  [0m] Reached target Remote File Systems.
         Starting Availability of block devices...
[[0;32m  OK  [0m] Listening on Socket activation for snappy daemon.
[[0;32m  OK  [0m] Listening on LXD - unix socket.
[[0;32m  OK  [0m] Reached target Sockets.
[[0;32m  OK  [0m] Reached target Basic System.
[   22.921086] cloud-init[661]: |          .      |
[[0;32m  OK  [0m] Started Deferred execution scheduler.
[   23.039256] cloud-init[661]: |        E.       |
         Starting Dispatcher daemon for systemd-networkd...
         Starting Permit User Sessions...[   23.075755] 
cloud-init[661]: +----[SHA256]-----+
         [   23.119101] cloud-init[661]: Generating public/private dsa key pair.
Starting Pollinate to seed the pseudo random number generator...
[   23.119722] cloud-init[661]: Your identification has been saved in /etc/ssh/ssh_host_dsa_key.
[[   23.220392] cloud-init[661]: Your public key has been saved in /etc/ssh/ssh_host_dsa_key.pub.
[   23.220691] cloud-init[661]: The key fingerprint is:
[   23.227455] cloud-init[661]: SHA256:5iSjCVyKoEY8itqGO2TGMr+4NuTNCRQORMFKEzLe8ig root@ubuntu-bionic
[   23.230206] cloud-init[661]: The key's randomart image is:
[   23.230324] cloud-init[661]: +---[DSA 1024]----+
[   23.230416] cloud-init[661]: |*=o              |
[   23.230504] cloud-init[661]: |=*.              |
[   23.230595] cloud-init[661]: |**o..            |
[   23.230695] cloud-init[661]: |B==o             |
[0;32m  OK  [0m] Started FUSE filesystem for LXC.
[   23.230777] cloud-init[661]: |Eo+.  o S        |
         Starting Login Service...[   23.346004] 
cloud-init[661]: |*X . o *         |
         Starting System Logging Service...
[   23.371938] cloud-init[661]: |Xo* +   .        |
[   23.384462] cloud-init[661]: |.B.+             |
[[0;32m  OK  [0m] Started D-Bus System Message Bus.
[   23.394475] cloud-init[661]: |=oo.             |
[   23.408133] cloud-init[661]: +----[SHA256]-----+
[   23.432305] cloud-init[661]: Generating public/private ecdsa key pair.
[   23.447527] cloud-init[661]: Your identification has been saved in /etc/ssh/ssh_host_ecdsa_key.
[   23.449863] cloud-init[661]: Your public key has been saved in /etc/ssh/ssh_host_ecdsa_key.pub.
[   23.460421] cloud-init[661]: The key fingerprint is:
[   23.492766] cloud-init[661]: SHA256:To0LW/OAUGiHbrm+ehvCGGxFPhx57HSKmbQGxUtO+I0 root@ubuntu-bionic
[   23.509372] cloud-init[661]: The key's randomart image is:
[   23.514732] cloud-init[661]: +---[ECDSA 256]---+
[   23.515563] cloud-init[661]: |  ++oo.          |
[   23.528360] cloud-init[661]: | o+*==..         |
[   23.563060] cloud-init[661]: |  BB&oo          |
[   23.576150] cloud-init[661]: |. .E== . o       |
[   23.592139] cloud-init[661]: |.o.. .o S .      |
[   23.612773] cloud-init[661]: |.+  .  * =       |
[   23.617789] cloud-init[661]: |. o.. . o .      |
[   23.628167] cloud-init[661]: |   .o.           |
[   23.633597] cloud-init[661]: |  .ooo           |
[   23.650916] cloud-init[661]: +----[SHA256]-----+
[   23.654275] cloud-init[661]: Generating public/private ed25519 key pair.
[   23.672468] cloud-init[661]: Your identification has been saved in /etc/ssh/ssh_host_ed25519_key.
[   23.712913] cloud-init[661]: Your public key has been saved in /etc/ssh/ssh_host_ed25519_key.pub.
[   23.772539] cloud-init[661]: The key fingerprint is:
[   23.775185] cloud-init[661]: SHA256:4teZNCr0sVkLoL94X774EjSl54MuZHipri7VlH32Adk root@ubuntu-bionic
[   23.776964] cloud-init[661]: The key's randomart image is:
[   23.780451] cloud-init[661]: +--[ED25519 256]--+
[   23.781419] cloud-init[661]: |         o       |
[   23.782403] cloud-init[661]: |        o E      |
[   23.790104] cloud-init[661]: |     o.  +       |
[   23.805956] cloud-init[661]: |    o...* o      |
[   23.832353] cloud-init[661]: |   o..o=S*+.     |
[   23.833358] cloud-init[661]: |  . o+=ooX+=     |
[   23.844235] cloud-init[661]: | .   =+.*.*.     |
[   23.845277] cloud-init[661]: |.   ..o+o+       |
[   23.846915] cloud-init[661]: | oooo..ooo+.     |
[   23.847756] cloud-init[661]: +----[SHA256]-----+
[[0;32m  OK  [0m] Started Regular background program processing daemon.
         Starting LSB: automatic crash report generation...
         Starting Snappy daemon...
         Starting Virtualbox guest utils...
         Starting Accounts Service...
         Starting LXD - container startup/shutdown...
[[0;32m  OK  [0m] Started irqbalance daemon.
         Starting LSB: Record successful boot for GRUB...
[[0;32m  OK  [0m] Started System Logging Service.
[[0;32m  OK  [0m] Started Dispatcher daemon for systemd-networkd.
[[0;32m  OK  [0m] Started Availability of block devices.
[[0;32m  OK  [0m] Started Permit User Sessions.
[[0;32m  OK  [0m] Started Login Service.
[[0;32m  OK  [0m] Started Unattended Upgrades Shutdown.
         Starting Hold until boot process finishes up...
         Starting Terminate Plymouth Boot Screen...
[[0;32m  OK  [0m] Started Hold until boot process finishes up.
[[0;32m  OK  [0m] Started Terminate Plymouth Boot Screen.
         Starting Set console scheme...
[[0;32m  OK  [0m] Started Serial Getty on ttyS0.
[[0;32m  OK  [0m] Started Set console scheme.
[[0;32m  OK  [0m] Created slice system-getty.slice.
[[0;32m  OK  [0m] Started Getty on tty1.
[[0;32m  OK  [0m] Reached target Login Prompts.
[[0;32m  OK  [0m] Started LSB: automatic crash report generation.
         Starting Authorization Manager...
[[0;32m  OK  [0m] Started LSB: Record successful boot for GRUB.
[[0;32m  OK  [0m] Started Virtualbox guest utils.
[[0;32m  OK  [0m] Started Authorization Manager.
[[0;32m  OK  [0m] Started Accounts Service.
[[0;32m  OK  [0m] Started LXD - container startup/shutdown.
[[0;32m  OK  [0m] Started Snappy daemon.
         Starting Wait until snapd is fully seeded...
[[0;32m  OK  [0m] Started Pollinate to seed the pseudo random number generator.
         Starting OpenBSD Secure Shell server...
[[0;32m  OK  [0m] Started OpenBSD Secure Shell server.
[[0;32m  OK  [0m] Created slice User Slice of vagrant.
         Starting User Manager for UID 1000...
[[0;32m  OK  [0m] Started Session 1 of user vagrant.
[[0;32m  OK  [0m] Started User Manager for UID 1000.

Ubuntu 18.04.2 LTS ubuntu-bionic ttyS0

ubuntu-bionic login: [   34.609210] cloud-init[1327]: Cloud-init v. 18.5-45-g3554ffe8-0ubuntu1~18.04.1 running 'modules:config' at Sun, 24 Mar 2019 18:43:16 +0000. Up 32.09 seconds.
ci-info: no authorized ssh keys fingerprints found for user ubuntu.
<14>Mar 24 18:43:19 ec2: 
<14>Mar 24 18:43:19 ec2: #############################################################
<14>Mar 24 18:43:19 ec2: -----BEGIN SSH HOST KEY FINGERPRINTS-----
<14>Mar 24 18:43:19 ec2: 1024 SHA256:5iSjCVyKoEY8itqGO2TGMr+4NuTNCRQORMFKEzLe8ig root@ubuntu-bionic (DSA)
<14>Mar 24 18:43:19 ec2: 256 SHA256:To0LW/OAUGiHbrm+ehvCGGxFPhx57HSKmbQGxUtO+I0 root@ubuntu-bionic (ECDSA)
<14>Mar 24 18:43:19 ec2: 256 SHA256:4teZNCr0sVkLoL94X774EjSl54MuZHipri7VlH32Adk root@ubuntu-bionic (ED25519)
<14>Mar 24 18:43:19 ec2: 2048 SHA256:APifBQTFaJtx0CgqmXVo9ZLH23xBAFG/EmdY/JpYuas root@ubuntu-bionic (RSA)
<14>Mar 24 18:43:19 ec2: -----END SSH HOST KEY FINGERPRINTS-----
<14>Mar 24 18:43:19 ec2: #############################################################
-----BEGIN SSH HOST KEY KEYS-----
ecdsa-sha2-nistp256 AAAAE2VjZHNhLXNoYTItbmlzdHAyNTYAAAAIbmlzdHAyNTYAAABBBHycfkHAElMeqcHBgaj4OKH78haJam6u9ivE4FM+R6/8fa9nznojH9a0qFwhxpgtH13GnqlJHObyAexDL00Mnqc= root@ubuntu-bionic
ssh-ed25519 AAAAC3NzaC1lZDI1NTE5AAAAIBzKQe/U4TIKK799AAAH1ph048wvPEa2YWP0c7g0RdAL root@ubuntu-bionic
ssh-rsa AAAAB3NzaC1yc2EAAAADAQABAAABAQCk8wnNrLDVN5Bd+L7/MCRPmcpFzaacimod1NkhRV8GY4agc8I43MJf40SIXfhdPAeOp/tlx6uJSLe7IPNgKYa+HgvXCysCxSDJ36nK5ogDM7ZFrPUvEj/s4hbu3Odpb0YncEs+DnYZ2aOorJtMqm3q0DdPoYzOQTrP/rj5/DoGOHdH/2KXEcA6YKjtPcdBTVooX5eKJop1RH1PPkFPonifLGwPVe1sbCjizdGSRTPZn/bG+fRdlR6P9v1w6cNO1krlH6VwuWvA5pDwa3+pemur1N+au99yAdXvsbpPj9zNA2qRarAHExXBBoSiCq+t8dUyNLtc4sEzRQn2UvScem87 root@ubuntu-bionic
-----END SSH HOST KEY KEYS-----
[   35.478813] cloud-init[1481]: Cloud-init v. 18.5-45-g3554ffe8-0ubuntu1~18.04.1 running 'modules:final' at Sun, 24 Mar 2019 18:43:19 +0000. Up 35.25 seconds.
[   35.478922] cloud-init[1481]: ci-info: no authorized ssh keys fingerprints found for user ubuntu.
[   35.479015] cloud-init[1481]: Cloud-init v. 18.5-45-g3554ffe8-0ubuntu1~18.04.1 finished at Sun, 24 Mar 2019 18:43:19 +0000. Datasource DataSourceNoCloud [seed=/dev/sdb][dsmode=net].  Up 35.46 seconds
